<?xml version="1.0" encoding="UTF-8"?>
<!-- Generated by org.testng.reporters.JUnitReportReporter -->
<testsuite hostname="NJMSSATYARAML2" name="businesscomponents.LoopNewApplicant" tests="1" failures="0" timestamp="19 Mar 2016 11:32:15 GMT" time="0.017" errors="1">
  <testcase name="runLoopTest" time="0.017" classname="businesscomponents.LoopNewApplicant">
    <error type="org.testng.TestNGException" message="
Can&#039;t invoke public void businesscomponents.LoopNewApplicant.runLoopTest() throws java.lang.Exception: either make it static or add a no-args constructor to your class">
      <![CDATA[org.testng.TestNGException: 
Can't invoke public void businesscomponents.LoopNewApplicant.runLoopTest() throws java.lang.Exception: either make it static or add a no-args constructor to your class
	at org.testng.internal.Utils.checkInstanceOrStatic(Utils.java:785)
	at org.testng.internal.MethodInvocationHelper.invokeMethod(MethodInvocationHelper.java:41)
	at org.testng.internal.Invoker.invokeMethod(Invoker.java:639)
	at org.testng.internal.Invoker.invokeTestMethod(Invoker.java:821)
	at org.testng.internal.Invoker.invokeTestMethods(Invoker.java:1131)
	at org.testng.internal.TestMethodWorker.invokeTestMethods(TestMethodWorker.java:124)
	at org.testng.internal.TestMethodWorker.run(TestMethodWorker.java:108)
	at org.testng.TestRunner.privateRun(TestRunner.java:773)
	at org.testng.TestRunner.run(TestRunner.java:623)
	at org.testng.SuiteRunner.runTest(SuiteRunner.java:357)
	at org.testng.SuiteRunner.runSequentially(SuiteRunner.java:352)
	at org.testng.SuiteRunner.privateRun(SuiteRunner.java:310)
	at org.testng.SuiteRunner.run(SuiteRunner.java:259)
	at org.testng.SuiteRunnerWorker.runSuite(SuiteRunnerWorker.java:52)
	at org.testng.SuiteRunnerWorker.run(SuiteRunnerWorker.java:86)
	at org.testng.TestNG.runSuitesSequentially(TestNG.java:1185)
	at org.testng.TestNG.runSuitesLocally(TestNG.java:1110)
	at org.testng.TestNG.run(TestNG.java:1018)
	at org.testng.remote.RemoteTestNG.run(RemoteTestNG.java:111)
	at org.testng.remote.RemoteTestNG.initAndRun(RemoteTestNG.java:204)
	at org.testng.remote.RemoteTestNG.main(RemoteTestNG.java:175)
]]>
    </error>
  </testcase> <!-- runLoopTest -->
</testsuite> <!-- businesscomponents.LoopNewApplicant -->
